Exporter version: 6.3.1, Blender version: 2.82 (sub 7)
========= Conversion from Blender to Babylon.js =========
	Scene settings used :
		Inline textures     :  false
		Material Type       :  PBR
		Positions Precision :  4
		Normals Precision   :  3
		UVs Precision       :  3
		Vert Color Precision:  3
		Mat Weight Precision:  2
		Keep Z-up r-handed  :  no
		Texture directory   :  C:\engines\babylonjs\babylon-navigation-mesh-master - copia\babylon-navigation-mesh-master\demo\mesh\
	Python World class constructor completed
	WARNING: No active camera has been assigned, or is not in a currently selected Blender layer
	processing begun of mesh:  Navmesh
		processing begun of material:  None
		Custom split normals with tangents being used
		num positions      :  937
		num normals        :  937
		num tangents       :  3748
		num uvs            :  1874
		num uvs2           :  0
		num colors         :  0
		num indices        :  1293
	processing begun of mesh:  Cube.001
		processing begun of material:  Default
		Custom split normals with tangents being used
		num positions      :  4265
		num normals        :  4265
		num tangents       :  17060
		num uvs            :  8530
		num uvs2           :  0
		num colors         :  0
		num indices        :  4836
	processing begun of mesh:  Cube.002
		processing begun of material:  Material.001
		Custom split normals with tangents being used
		num positions      :  30
		num normals        :  30
		num tangents       :  120
		num uvs            :  60
		num uvs2           :  0
		num colors         :  0
		num indices        :  36
========= Writing of JSON file started =========
	writing mesh:  Navmesh
	writing mesh:  Cube.001
	writing mesh:  Cube.002
========= Writing of JSON file completed =========
========= end of processing =========
elapsed time:  0 min, 0.4279 secs
