Exporter version: 6.3.1, Blender version: 2.82 (sub 7)
========= Conversion from Blender to Babylon.js =========
	Scene settings used :
		Inline textures     :  false
		Material Type       :  PBR
		Positions Precision :  4
		Normals Precision   :  3
		UVs Precision       :  3
		Vert Color Precision:  3
		Mat Weight Precision:  2
		Keep Z-up r-handed  :  no
		Texture directory   :  C:\engines\babylonjs\babylon-navigation-mesh-master - copia\babylon-navigation-mesh-master\demo\mesh\
	Python World class constructor completed
	WARNING: No active camera has been assigned, or is not in a currently selected Blender layer
	processing begun of mesh:  gio
		WARNING: No materials have been assigned: 
		num positions      :  64
		num normals        :  64
		num tangents       :  0
		num uvs            :  0
		num uvs2           :  0
		num colors         :  0
		num indices        :  69
	processing begun of mesh:  Cube
		WARNING: No materials have been assigned: 
		num positions      :  29
		num normals        :  29
		num tangents       :  0
		num uvs            :  0
		num uvs2           :  0
		num colors         :  0
		num indices        :  36
	processing begun of mesh:  Plane.001
		WARNING: No materials have been assigned: 
		num positions      :  12
		num normals        :  12
		num tangents       :  0
		num uvs            :  0
		num uvs2           :  0
		num colors         :  0
		num indices        :  24
========= Writing of JSON file started =========
	writing mesh:  gio
	writing mesh:  Cube
	writing mesh:  Plane.001
========= Writing of JSON file completed =========
========= end of processing =========
elapsed time:  0 min, 0.036 secs
