Exporter version: 6.3.1, Blender version: 2.82 (sub 7)
========= Conversion from Blender to Babylon.js =========
	Scene settings used :
		Inline textures     :  false
		Material Type       :  PBR
		Positions Precision :  4
		Normals Precision   :  3
		UVs Precision       :  3
		Vert Color Precision:  3
		Mat Weight Precision:  2
		Keep Z-up r-handed  :  no
		Texture directory   :  C:\engines\babylonjs\babylon-navigation-mesh-master - copia\babylon-navigation-mesh-master\demo\mesh\
	Python World class constructor completed
	processing begun of mesh:  Navmesh
		WARNING: No materials have been assigned: 
		num positions      :  937
		num normals        :  937
		num tangents       :  0
		num uvs            :  0
		num uvs2           :  0
		num colors         :  0
		num indices        :  1293
	processing begun of mesh:  Cube.001
		processing begun of material:  Default
		num positions      :  4311
		num normals        :  4311
		num tangents       :  0
		num uvs            :  8622
		num uvs2           :  0
		num colors         :  0
		num indices        :  4836
	processing begun of mesh:  Cube
		processing begun of material:  Material
		num positions      :  31
		num normals        :  31
		num tangents       :  0
		num uvs            :  0
		num uvs2           :  0
		num colors         :  0
		num indices        :  36
	processing begun of camera (UniversalCamera):  Camera
	processing begun of light (POINT):  Lamp
========= Writing of JSON file started =========
	writing mesh:  Navmesh
	writing mesh:  Cube.001
	writing mesh:  Cube
========= Writing of JSON file completed =========
========= end of processing =========
elapsed time:  0 min, 0.314 secs
